<?xml version="1.0" encoding="UTF-8"?>
<!-- Generated by org.testng.reporters.JUnitReportReporter -->
<testsuite hostname="DESKTOP-UK5D04V" failures="0" tests="1" name="com.practical.captureScreenShot" time="15.430" errors="0" timestamp="2023-06-19T09:24:09 IST" skipped="0">
  <testcase classname="com.practical.captureScreenShot" name="takeOrangeHRMScreenShot" time="15.430"/>
</testsuite> <!-- com.practical.captureScreenShot -->
